<?xml version="1.0" encoding="UTF-8"?>
<!-- Generated by org.testng.reporters.JUnitReportReporter -->
<testsuite hostname="Nizer-ой" name="Team.Task.TestCase10" tests="1" failures="0" timestamp="6 Mar 2013 15:36:14 GMT" time="40.524" errors="0">
  <testcase name="testCase10" time="40.524" classname="Team.Task.TestCase10"/>
</testsuite> <!-- Team.Task.TestCase10 -->
