<?xml version="1.0" encoding="UTF-8"?>
<!-- Generated by org.testng.reporters.JUnitReportReporter -->
<testsuite hostname="dicens-PC" name="Team.Task.Task1" tests="1" failures="0" timestamp="27 Feb 2013 15:28:36 GMT" time="4.922" errors="0">
  <testcase name="verifySignIn" time="4.922" classname="Team.Task.Task1"/>
</testsuite> <!-- Team.Task.Task1 -->
