<?xml version="1.0" encoding="UTF-8"?>
<!-- Generated by org.testng.reporters.JUnitReportReporter -->
<testsuite hostname="dicens-PC" name="Team.Task.Task5" tests="1" failures="0" timestamp="1 Mar 2013 09:30:27 GMT" time="2.932" errors="0">
  <testcase name="verifySignIn" time="2.932" classname="Team.Task.Task5"/>
</testsuite> <!-- Team.Task.Task5 -->
