<?xml version="1.0" encoding="UTF-8"?>
<!-- Generated by org.testng.reporters.JUnitReportReporter -->
<testsuite hostname="Nizer-ой" name="Team.Task.TestCase10" tests="1" failures="0" timestamp="28 Feb 2013 19:16:53 GMT" time="81.143" errors="0">
  <testcase name="testCase10" time="81.143" classname="Team.Task.TestCase10"/>
</testsuite> <!-- Team.Task.TestCase10 -->
