<?xml version="1.0" encoding="UTF-8"?>
<!-- Generated by org.testng.reporters.JUnitReportReporter -->
<testsuite hostname="TOSHIBA" name="Team.Task.Task5" tests="1" failures="0" timestamp="4 Mar 2013 12:39:34 GMT" time="5.762" errors="0">
  <testcase name="contNewCategories" time="5.762" classname="Team.Task.Task5"/>
</testsuite> <!-- Team.Task.Task5 -->
