<?xml version="1.0" encoding="UTF-8"?>
<!-- Generated by org.testng.reporters.JUnitReportReporter -->
<testsuite hostname="dicens-PC" name="Team.Task.Task1" tests="1" failures="0" timestamp="27 Feb 2013 17:57:42 GMT" time="5.473" errors="0">
  <testcase name="verifySignIn" time="5.473" classname="Team.Task.Task1"/>
</testsuite> <!-- Team.Task.Task1 -->
