<?xml version="1.0" encoding="UTF-8"?>
<!-- Generated by org.testng.reporters.JUnitReportReporter -->
<testsuite hostname="chaingang" name="Team.Task.Task6" tests="1" failures="0" timestamp="28 Feb 2013 10:24:19 GMT" time="4.781" errors="0">
  <testcase name="LoginAc" time="4.781" classname="Team.Task.Task6"/>
</testsuite> <!-- Team.Task.Task6 -->
