<?xml version="1.0" encoding="UTF-8"?>
<!-- Generated by org.testng.reporters.JUnitReportReporter -->
<testsuite hostname="TOSHIBA" name="Team.Task.TestCase10" tests="1" failures="0" timestamp="4 Mar 2013 11:57:24 GMT" time="91.929" errors="0">
  <testcase name="testCase10" time="91.929" classname="Team.Task.TestCase10"/>
</testsuite> <!-- Team.Task.TestCase10 -->
